Fell On comparing: plugin.video.welovesoaps
FOUND ADDON : plugin.video.gorillastreams  2.2
no need to update existing key plugin.video.gorillastreamsold version is 2.2
FOUND ADDON : plugin.video.mdmoviepool  1.0.2
no need to update existing key plugin.video.mdmoviepoolold version is 1.0.2
FOUND ADDON : plugin.video.mdfubar  1.1.7
no need to update existing key plugin.video.mdfubarold version is 1.1.7
FOUND ADDON : plugin.audio.DnB-Sets  1.0.2
no need to update existing key plugin.audio.DnB-Setsold version is 1.0.2
FOUND ADDON : plugin.video.mdmovievault  2.0.2
no need to update existing key plugin.video.mdmovievaultold version is 2.0.2
FOUND ADDON : plugin.video.mdmtvuk  1.0.2
no need to update existing key plugin.video.mdmtvukold version is 1.0.2
FOUND ADDON : plugin.video.mdm4u  2.1.3
no need to update existing key plugin.video.mdm4uold version is 2.1.3
FOUND ADDON : plugin.video.mdizle  2.0.1
no need to update existing key plugin.video.mdizleold version is 2.0.1
FOUND ADDON : plugin.video.mdhdmovie14  1.0.5
no need to update existing key plugin.video.mdhdmovie14old version is 1.0.5
FOUND ADDON : plugin.video.mdspacemov  1.0.1
no need to update existing key plugin.video.mdspacemovold version is 1.0.1
FOUND ADDON : skin.aeon.nox.lego  1.0
no need to update existing key skin.aeon.nox.legoold version is 1.0
FOUND ADDON : plugin.video.mdyesmovies  2.0.1
no need to update existing key plugin.video.mdyesmoviesold version is 2.0.1
FOUND ADDON : plugin.video.mdpmovies  1.0.1
no need to update existing key plugin.video.mdpmoviesold version is 1.0.1
FOUND ADDON : plugin.video.mdscenepeeper  1.0.6
no need to update existing key plugin.video.mdscenepeeperold version is 1.0.6
FOUND ADDON : plugin.video.mdws  2.0.1
no need to update existing key plugin.video.mdwsold version is 2.0.1
FOUND ADDON : plugin.video.mdsportsextra  1.0.2
no need to update existing key plugin.video.mdsportsextraold version is 1.0.2
FOUND ADDON : plugin.video.mdluckytv  2.0.0
no need to update existing key plugin.video.mdluckytvold version is 2.0.0
FOUND ADDON : plugin.video.mdvodlocker  1.0.7
no need to update existing key plugin.video.mdvodlockerold version is 1.0.7
FOUND ADDON : plugin.video.mdgenvideos  1.0.2
no need to update existing key plugin.video.mdgenvideosold version is 1.0.2
FOUND ADDON : plugin.video.mdcmovieshd  2.0.0
no need to update existing key plugin.video.mdcmovieshdold version is 2.0.0
FOUND ADDON : plugin.video.mdafdah  2.0.1
no need to update existing key plugin.video.mdafdahold version is 2.0.1
FOUND ADDON : plugin.video.mdpubfilm  2.1.0
no need to update existing key plugin.video.mdpubfilmold version is 2.1.0
FOUND ADDON : plugin.video.mdniter  2.0.0
no need to update existing key plugin.video.mdniterold version is 2.0.0
FOUND ADDON : plugin.video.md123movies  2.1.1
no need to update existing key plugin.video.md123moviesold version is 2.1.1
FOUND ADDON : plugin.video.mdwww  1.0.2
no need to update existing key plugin.video.mdwwwold version is 1.0.2
FOUND ADDON : script.module.muckys.common  1.3.3
no need to update existing key script.module.muckys.commonold version is 1.3.3
FOUND ADDON : repository.mdrepo  1.0.2
no need to update existing key repository.mdrepoold version is 1.0.2
FOUND ADDON : plugin.video.mddizibox  1.0.4
no need to update existing key plugin.video.mddiziboxold version is 1.0.4
FOUND ADDON : plugin.audio.MD3-Audio  1.0.2
no need to update existing key plugin.audio.MD3-Audioold version is 1.0.2
FOUND ADDON : plugin.video.mdwatch32hd  2.0.1
no need to update existing key plugin.video.mdwatch32hdold version is 2.0.1
FOUND ADDON : plugin.video.mdwatchtvseries  1.1.9
no need to update existing key plugin.video.mdwatchtvseriesold version is 1.1.9
FOUND ADDON : plugin.video.mdimperialstreams  3.0.1
no need to update existing key plugin.video.mdimperialstreamsold version is 3.0.1
FOUND ADDON : plugin.video.mdwizard  1.1.6
no need to update existing key plugin.video.mdwizardold version is 1.1.6
FOUND ADDON : plugin.video.mdhdbox  2.0.1
no need to update existing key plugin.video.mdhdboxold version is 2.0.1
FOUND ADDON : plugin.audio.oldskool  1.0.3
no need to update existing key plugin.audio.oldskoolold version is 1.0.3
REPO : repositories/repository.mdrepo-1.0.2.zip
repository.mdrepo addon version: 1.0.2
xml for repository:  repositories/repository.mdrepo-1.0.2.zip is not a repository
no data in current repo xml 'NoneType' object is not iterable
adding addon from github: plugin.video.kmediatorrent
https://github.com/jmarth/plugin.video.kmediatorrent
Downloding zip from: https://github.com/jmarth/plugin.video.kmediatorrent/archive/master.zip  To Path:  repo/plugin.video.kmediatorrent/master.zip
Saving:  repo/plugin.video.kmediatorrent/master.zip
adding addon from github: service.autosubs
https://github.com/amet/service.autosubs
Downloding zip from: https://github.com/amet/service.autosubs/archive/master.zip  To Path:  repo/service.autosubs/master.zip
Saving:  repo/service.autosubs/master.zip
Updading addon from github:  service.subtitles.subscenter - 4.1.4
https://github.com/XBMCil/service.subtitles.subscenter
Downloding zip from: https://github.com/XBMCil/service.subtitles.subscenter/archive/master.zip  To Path:  repo/service.subtitles.subscenter/master.zip
Saving:  repo/service.subtitles.subscenter/master.zip
Updading addon from github:  service.subtitles.subtitle - 4.6.0
https://github.com/XBMCil/service.subtitles.subtitle
Downloding zip from: https://github.com/XBMCil/service.subtitles.subtitle/archive/master.zip  To Path:  repo/service.subtitles.subtitle/master.zip
Saving:  repo/service.subtitles.subtitle/master.zip
adding addon from github: service.subtitles.torec
https://github.com/XBMCil/service.subtitles.torec
Downloding zip from: https://github.com/XBMCil/service.subtitles.torec/archive/master.zip  To Path:  repo/service.subtitles.torec/master.zip
Saving:  repo/service.subtitles.torec/master.zip
metadata.hebmovies.wiz  is in blacklist - 
https://github.com/bromix/plugin.video.youtube//raw/master/addon.xml
https://github.com/bromix/plugin.video.youtube/
cant get github xml !
HTTP Error 404: Not Found

Updading addon from github:  plugin.video.kodipopcorntime - 0.7.0~alpha2
https://github.com/Diblo/KODI-Popcorn-Time/tree/master/plugin.video.kodipopcorntime
Downloding zip from: https://github.com/Diblo/KODI-Popcorn-Time/tree/master/plugin.video.kodipopcorntime/archive/master.zip  To Path:  repo/plugin.video.kodipopcorntime/master.zip
Saving:  repo/plugin.video.kodipopcorntime/master.zip
An error occurred reading zip!
File is not a zip file

cannot create a zip from githuburl  https://github.com/Diblo/KODI-Popcorn-Time/tree/master/plugin.video.kodipopcorntime
adding addon from github: script.module.httplib2
https://github.com/XBMC-Addons/script.module.httplib2
Downloding zip from: https://github.com/XBMC-Addons/script.module.httplib2/archive/master.zip  To Path:  repo/script.module.httplib2/master.zip
Saving:  repo/script.module.httplib2/master.zip
adding addon from github: script.module.youtube.dl
https://github.com/ruuk/script.module.youtube.dl
Downloding zip from: https://github.com/ruuk/script.module.youtube.dl/archive/master.zip  To Path:  repo/script.module.youtube.dl/master.zip
Saving:  repo/script.module.youtube.dl/master.zip
adding addon from github: plugin.video.animeram
https://github.com/DxCx/plugin.video.animeram
Downloding zip from: https://github.com/DxCx/plugin.video.animeram/archive/master.zip  To Path:  repo/plugin.video.animeram/master.zip
Saving:  repo/plugin.video.animeram/master.zip
https://github.com/amet/service.subtitles.opensubtitles/raw/master/addon.xml
https://github.com/amet/service.subtitles.opensubtitles
cant get github xml !
HTTP Error 404: Not Found

adding addon from github: script.tv.show.next.aired
https://github.com/WayneD/script.tv.show.next.aired
Downloding zip from: https://github.com/WayneD/script.tv.show.next.aired/archive/master.zip  To Path:  repo/script.tv.show.next.aired/master.zip
Saving:  repo/script.tv.show.next.aired/master.zip
adding addon from github: plugin.video.quasar
https://github.com/scakemyer/plugin.video.quasar
Downloding zip from: https://github.com/scakemyer/plugin.video.quasar/archive/master.zip  To Path:  repo/plugin.video.quasar/master.zip
Saving:  repo/plugin.video.quasar/master.zip
adding addon from github: context.subtitlesdialog.contextmenu
https://github.com/burekas7/context.subtitlesdialog.contextmenu
Downloding zip from: https://github.com/burekas7/context.subtitlesdialog.contextmenu/archive/master.zip  To Path:  repo/context.subtitlesdialog.contextmenu/master.zip
Saving:  repo/context.subtitlesdialog.contextmenu/master.zip
adding addon from github: service.subtitles.opensubtitles_by_opensubtitles
https://github.com/opensubtitles/service.subtitles.opensubtitles_by_opensubtitles
Downloding zip from: https://github.com/opensubtitles/service.subtitles.opensubtitles_by_opensubtitles/archive/master.zip  To Path:  repo/service.subtitles.opensubtitles_by_opensubtitles/master.zip
Saving:  repo/service.subtitles.opensubtitles_by_opensubtitles/master.zip
removing files larger than : 96
File is not a zip file
failed to add the xml from addon service.subtitles.subscenter
failed to add the xml from addon service.subtitles.subtitle
zip is not ok: repo/script.exodus.artwork/script.exodus.artwork-1.0.5.zip
Finished updating addons xml and md5 files
removing files larger than : 96
repo Updated Succefully
